<?xml version="1.0" encoding="UTF-8"?>
<!-- Generated by org.testng.reporters.JUnitXMLReporter -->
<testsuite ignored="0" hostname="DESKTOP-RE5FBFN" failures="2" tests="18" name="CCN2024" time="184.876" errors="0" timestamp="2024-04-25T23:51:48 ICT">
  <testcase classname="com.anhtest.WebCCN.LoginTest" name="TC_01_validateCurrentUrl" time="0.045"/>
  <testcase classname="com.anhtest.WebCCN.LoginTest" name="TC_02_checkHeader_ButtonLogin" time="0.09"/>
  <testcase classname="com.anhtest.WebCCN.LoginTest" name="TC_03_checkbuttonLogin" time="0.046"/>
  <testcase classname="com.anhtest.WebCCN.LoginTest" name="TC_04_checkLinkQuenMK" time="0.367">
    <failure type="java.lang.AssertionError" message="Navigation failed expected [http://dnccn.earchive.vn/auth/forgotpassword] but found [http://dnccn.earchive.vn/auth/login]">
      <![CDATA[java.lang.AssertionError: Navigation failed expected [http://dnccn.earchive.vn/auth/forgotpassword] but found [http://dnccn.earchive.vn/auth/login]
at com.anhtest.WebCCN.LoginTest.TC_04_checkLinkQuenMK(LoginTest.java:41)
at java.base/java.util.ArrayList.forEach(ArrayList.java:1511)
at com.intellij.rt.testng.IDEARemoteTestNG.run(IDEARemoteTestNG.java:65)
at com.intellij.rt.testng.RemoteTestNGStarter.main(RemoteTestNGStarter.java:105)
... Removed 29 stack frames]]>
    </failure>
  </testcase> <!-- TC_04_checkLinkQuenMK -->
  <testcase classname="com.anhtest.WebCCN.LoginTest" name="TC_05_checkLinkDangKy" time="0.4">
    <failure type="java.lang.AssertionError" message="Navigation failed expected [http://dnccn.earchive.vn/auth/register] but found [http://dnccn.earchive.vn/auth/login]">
      <![CDATA[java.lang.AssertionError: Navigation failed expected [http://dnccn.earchive.vn/auth/register] but found [http://dnccn.earchive.vn/auth/login]
at com.anhtest.WebCCN.LoginTest.TC_05_checkLinkDangKy(LoginTest.java:50)
at java.base/java.util.ArrayList.forEach(ArrayList.java:1511)
at com.intellij.rt.testng.IDEARemoteTestNG.run(IDEARemoteTestNG.java:65)
at com.intellij.rt.testng.RemoteTestNGStarter.main(RemoteTestNGStarter.java:105)
... Removed 29 stack frames]]>
    </failure>
  </testcase> <!-- TC_05_checkLinkDangKy -->
  <testcase classname="com.anhtest.WebCCN.LoginTest" name="TC_06_trongTenDangNhap" time="1.456"/>
  <testcase classname="com.anhtest.WebCCN.LoginTest" name="TC_07_trongMatKhau" time="1.364"/>
  <testcase classname="com.anhtest.WebCCN.LoginTest" name="TC_08_saiTenDangNhap" time="1.915"/>
  <testcase classname="com.anhtest.WebCCN.LoginTest" name="TC_09_tenDNNhoHon10KyTu" time="2.124"/>
  <testcase classname="com.anhtest.WebCCN.LoginTest" name="TC_10_tenDNLonHon10KyTu" time="3.452"/>
  <testcase classname="com.anhtest.WebCCN.LoginTest" name="TC_11_tenDNKyTuKhac" time="1.75"/>
  <testcase classname="com.anhtest.WebCCN.LoginTest" name="TC_12_loginSuccess" time="2.41"/>
  <testcase classname="com.anhtest.WebCCN.LoginTest" name="TC_13_MKSai" time="1.803"/>
  <testcase classname="com.anhtest.WebCCN.LoginTest" name="TC_14_MKThieuChuHoaKyTuDacBiet" time="1.86"/>
  <testcase classname="com.anhtest.WebCCN.LoginTest" name="TC_15_MKThieuChuHoa" time="1.825"/>
  <testcase classname="com.anhtest.WebCCN.LoginTest" name="TC_16_MKThieuChuThuong" time="1.89"/>
  <testcase classname="com.anhtest.WebCCN.LoginTest" name="TC_17_MKThieuKyTuDacBiet" time="1.566"/>
  <testcase classname="com.anhtest.WebCCN.LoginTest" name="TC_18_validateMatkhau" time="1.925"/>
</testsuite> <!-- CCN2024 -->
