<?xml version="1.0" encoding="UTF-8"?>
<!-- Generated by org.testng.reporters.JUnitReportReporter -->
<testsuite hostname="DESKTOP-RE5FBFN" failures="2" tests="18" name="com.anhtest.WebCCN.LoginTest" time="184.744" errors="0" timestamp="2024-04-25T23:51:49 ICT" skipped="0">
  <testcase classname="com.anhtest.WebCCN.LoginTest" name="TC_01_validateCurrentUrl" time="8.951"/>
  <system-out/>
  <testcase classname="com.anhtest.WebCCN.LoginTest" name="TC_02_checkHeader_ButtonLogin" time="11.147"/>
  <system-out/>
  <testcase classname="com.anhtest.WebCCN.LoginTest" name="TC_03_checkbuttonLogin" time="8.412"/>
  <system-out/>
  <testcase classname="com.anhtest.WebCCN.LoginTest" name="TC_04_checkLinkQuenMK" time="9.904">
    <failure message="Navigation failed expected [http://dnccn.earchive.vn/auth/forgotpassword] but found [http://dnccn.earchive.vn/auth/login]" type="java.lang.AssertionError">
      <![CDATA[java.lang.AssertionError: Navigation failed expected [http://dnccn.earchive.vn/auth/forgotpassword] but found [http://dnccn.earchive.vn/auth/login]
at org.testng.Assert.fail(Assert.java:99)
at org.testng.Assert.failNotEquals(Assert.java:1037)
at org.testng.Assert.assertEqualsImpl(Assert.java:140)
at org.testng.Assert.assertEquals(Assert.java:122)
at org.testng.Assert.assertEquals(Assert.java:629)
at com.anhtest.WebCCN.LoginTest.TC_04_checkLinkQuenMK(LoginTest.java:41)
at java.base/jdk.internal.reflect.NativeMethodAccessorImpl.invoke0(Native Method)
at java.base/jdk.internal.reflect.NativeMethodAccessorImpl.invoke(NativeMethodAccessorImpl.java:77)
at java.base/jdk.internal.reflect.DelegatingMethodAccessorImpl.invoke(DelegatingMethodAccessorImpl.java:43)
at java.base/java.lang.reflect.Method.invoke(Method.java:568)
at org.testng.internal.MethodInvocationHelper.invokeMethod(MethodInvocationHelper.java:133)
at org.testng.internal.TestInvoker.invokeMethod(TestInvoker.java:598)
at org.testng.internal.TestInvoker.invokeTestMethod(TestInvoker.java:173)
at org.testng.internal.MethodRunner.runInSequence(MethodRunner.java:46)
at org.testng.internal.TestInvoker$MethodInvocationAgent.invoke(TestInvoker.java:824)
at org.testng.internal.TestInvoker.invokeTestMethods(TestInvoker.java:146)
at org.testng.internal.TestMethodWorker.invokeTestMethods(TestMethodWorker.java:146)
at org.testng.internal.TestMethodWorker.run(TestMethodWorker.java:128)
at java.base/java.util.ArrayList.forEach(ArrayList.java:1511)
at org.testng.TestRunner.privateRun(TestRunner.java:794)
at org.testng.TestRunner.run(TestRunner.java:596)
at org.testng.SuiteRunner.runTest(SuiteRunner.java:377)
at org.testng.SuiteRunner.runSequentially(SuiteRunner.java:371)
at org.testng.SuiteRunner.privateRun(SuiteRunner.java:332)
at org.testng.SuiteRunner.run(SuiteRunner.java:276)
at org.testng.SuiteRunnerWorker.runSuite(SuiteRunnerWorker.java:53)
at org.testng.SuiteRunnerWorker.run(SuiteRunnerWorker.java:96)
at org.testng.TestNG.runSuitesSequentially(TestNG.java:1212)
at org.testng.TestNG.runSuitesLocally(TestNG.java:1134)
at org.testng.TestNG.runSuites(TestNG.java:1063)
at org.testng.TestNG.run(TestNG.java:1031)
at com.intellij.rt.testng.IDEARemoteTestNG.run(IDEARemoteTestNG.java:65)
at com.intellij.rt.testng.RemoteTestNGStarter.main(RemoteTestNGStarter.java:105)
]]>
    </failure>
  </testcase> <!-- TC_04_checkLinkQuenMK -->
  <system-out/>
  <testcase classname="com.anhtest.WebCCN.LoginTest" name="TC_05_checkLinkDangKy" time="9.321">
    <failure message="Navigation failed expected [http://dnccn.earchive.vn/auth/register] but found [http://dnccn.earchive.vn/auth/login]" type="java.lang.AssertionError">
      <![CDATA[java.lang.AssertionError: Navigation failed expected [http://dnccn.earchive.vn/auth/register] but found [http://dnccn.earchive.vn/auth/login]
at org.testng.Assert.fail(Assert.java:99)
at org.testng.Assert.failNotEquals(Assert.java:1037)
at org.testng.Assert.assertEqualsImpl(Assert.java:140)
at org.testng.Assert.assertEquals(Assert.java:122)
at org.testng.Assert.assertEquals(Assert.java:629)
at com.anhtest.WebCCN.LoginTest.TC_05_checkLinkDangKy(LoginTest.java:50)
at java.base/jdk.internal.reflect.NativeMethodAccessorImpl.invoke0(Native Method)
at java.base/jdk.internal.reflect.NativeMethodAccessorImpl.invoke(NativeMethodAccessorImpl.java:77)
at java.base/jdk.internal.reflect.DelegatingMethodAccessorImpl.invoke(DelegatingMethodAccessorImpl.java:43)
at java.base/java.lang.reflect.Method.invoke(Method.java:568)
at org.testng.internal.MethodInvocationHelper.invokeMethod(MethodInvocationHelper.java:133)
at org.testng.internal.TestInvoker.invokeMethod(TestInvoker.java:598)
at org.testng.internal.TestInvoker.invokeTestMethod(TestInvoker.java:173)
at org.testng.internal.MethodRunner.runInSequence(MethodRunner.java:46)
at org.testng.internal.TestInvoker$MethodInvocationAgent.invoke(TestInvoker.java:824)
at org.testng.internal.TestInvoker.invokeTestMethods(TestInvoker.java:146)
at org.testng.internal.TestMethodWorker.invokeTestMethods(TestMethodWorker.java:146)
at org.testng.internal.TestMethodWorker.run(TestMethodWorker.java:128)
at java.base/java.util.ArrayList.forEach(ArrayList.java:1511)
at org.testng.TestRunner.privateRun(TestRunner.java:794)
at org.testng.TestRunner.run(TestRunner.java:596)
at org.testng.SuiteRunner.runTest(SuiteRunner.java:377)
at org.testng.SuiteRunner.runSequentially(SuiteRunner.java:371)
at org.testng.SuiteRunner.privateRun(SuiteRunner.java:332)
at org.testng.SuiteRunner.run(SuiteRunner.java:276)
at org.testng.SuiteRunnerWorker.runSuite(SuiteRunnerWorker.java:53)
at org.testng.SuiteRunnerWorker.run(SuiteRunnerWorker.java:96)
at org.testng.TestNG.runSuitesSequentially(TestNG.java:1212)
at org.testng.TestNG.runSuitesLocally(TestNG.java:1134)
at org.testng.TestNG.runSuites(TestNG.java:1063)
at org.testng.TestNG.run(TestNG.java:1031)
at com.intellij.rt.testng.IDEARemoteTestNG.run(IDEARemoteTestNG.java:65)
at com.intellij.rt.testng.RemoteTestNGStarter.main(RemoteTestNGStarter.java:105)
]]>
    </failure>
  </testcase> <!-- TC_05_checkLinkDangKy -->
  <system-out/>
  <testcase classname="com.anhtest.WebCCN.LoginTest" name="TC_06_trongTenDangNhap" time="9.938"/>
  <system-out/>
  <testcase classname="com.anhtest.WebCCN.LoginTest" name="TC_07_trongMatKhau" time="10.092"/>
  <system-out/>
  <testcase classname="com.anhtest.WebCCN.LoginTest" name="TC_08_saiTenDangNhap" time="10.597"/>
  <system-out/>
  <testcase classname="com.anhtest.WebCCN.LoginTest" name="TC_09_tenDNNhoHon10KyTu" time="11.026"/>
  <system-out/>
  <testcase classname="com.anhtest.WebCCN.LoginTest" name="TC_10_tenDNLonHon10KyTu" time="12.033"/>
  <system-out/>
  <testcase classname="com.anhtest.WebCCN.LoginTest" name="TC_11_tenDNKyTuKhac" time="10.332"/>
  <system-out/>
  <testcase classname="com.anhtest.WebCCN.LoginTest" name="TC_12_loginSuccess" time="11.232"/>
  <system-out/>
  <testcase classname="com.anhtest.WebCCN.LoginTest" name="TC_13_MKSai" time="10.930"/>
  <system-out/>
  <testcase classname="com.anhtest.WebCCN.LoginTest" name="TC_14_MKThieuChuHoaKyTuDacBiet" time="9.013"/>
  <system-out/>
  <testcase classname="com.anhtest.WebCCN.LoginTest" name="TC_15_MKThieuChuHoa" time="10.277"/>
  <system-out/>
  <testcase classname="com.anhtest.WebCCN.LoginTest" name="TC_16_MKThieuChuThuong" time="10.694"/>
  <system-out/>
  <testcase classname="com.anhtest.WebCCN.LoginTest" name="TC_17_MKThieuKyTuDacBiet" time="10.203"/>
  <system-out/>
  <testcase classname="com.anhtest.WebCCN.LoginTest" name="TC_18_validateMatkhau" time="10.642"/>
  <system-out/>
</testsuite> <!-- com.anhtest.WebCCN.LoginTest -->
